18-03-2009 09:49:05,Can not open serial port : COM1
18-03-2009 09:49:05,Porten 'COM1' findes ikke.
18-03-2009 09:50:11,Can not open serial port : COM1
18-03-2009 09:50:11,Porten 'COM1' findes ikke.
26-03-2011 10:25:55,Can not open serial port : COM1
26-03-2011 10:25:55,Porten 'COM1' findes ikke.
20-09-2011 10:58:45,Can not open serial port : COM1
20-09-2011 10:58:45,Porten 'COM1' findes ikke.
05-05-2012 21:56:12,Can not open serial port : COM1
05-05-2012 21:56:12,Porten 'COM1' findes ikke.
05-05-2012 21:57:41,Can not open serial port : COM1
05-05-2012 21:57:41,Porten 'COM1' findes ikke.
11-07-2012 09:48:30,Can not open serial port : COM1
11-07-2012 09:48:30,Porten 'COM1' findes ikke.
29.11.2017 23:41:09,Can not open serial port : COM1
29.11.2017 23:41:09,Порт 'COM1' не существует.
29.11.2017 23:46:22,Can not open serial port : COM11
29.11.2017 23:46:22,Порт 'COM11' не существует.
29.11.2017 23:47:25,Serial port : COM11 opened at 9600 baud
29.11.2017 23:49:47,Serial port : COM11 opened at 9600 baud
30.11.2017 0:09:14,Serial port : COM11 opened at 9600 baud
30.11.2017 0:09:15,Commandstring recieved : #S|LOGTEST|[877]#
30.11.2017 0:09:15,Command parsed OK
30.11.2017 0:09:15,Executing command : LOGTEST
30.11.2017 0:09:15,Data logged to C:\Users\Ваня\Google Диск\Работа\test\test.txt
30.11.2017 0:09:20,Commandstring recieved : #S|LOGTEST|[877]#
30.11.2017 0:09:20,Command parsed OK
30.11.2017 0:09:20,Executing command : LOGTEST
30.11.2017 0:09:20,Data logged to C:\Users\Ваня\Google Диск\Работа\test\test.txt
30.11.2017 0:09:25,Commandstring recieved : #S|LOGTEST|[877]#
30.11.2017 0:09:25,Command parsed OK
30.11.2017 0:09:25,Executing command : LOGTEST
30.11.2017 0:09:25,Data logged to C:\Users\Ваня\Google Диск\Работа\test\test.txt
30.11.2017 0:12:42,Can not open serial port : COM11
30.11.2017 0:12:42,Порт 'COM11' не существует.
30.11.2017 0:24:22,Serial port : COM11 opened at 9600 baud
30.11.2017 0:24:23,Commandstring recieved : #S|LOGTEST|[9]#
30.11.2017 0:24:23,Command parsed OK
30.11.2017 0:24:23,Executing command : LOGTEST
30.11.2017 0:24:23,Data logged to C:\Users\Ваня\Google Диск\Работа\test\test.txt
30.11.2017 0:24:28,Commandstring recieved : #S|LOGTEST|[9]#
30.11.2017 0:24:28,Command parsed OK
30.11.2017 0:24:28,Executing command : LOGTEST
30.11.2017 0:24:28,Data logged to C:\Users\Ваня\Google Диск\Работа\test\test.txt
30.11.2017 0:24:33,Commandstring recieved : #S|LOGTEST|[9]#
30.11.2017 0:24:33,Command parsed OK
30.11.2017 0:24:33,Executing command : LOGTEST
30.11.2017 0:24:33,Data logged to C:\Users\Ваня\Google Диск\Работа\test\test.txt
30.11.2017 0:24:38,Commandstring recieved : #S|LOGTEST|[9]#
30.11.2017 0:24:38,Command parsed OK
30.11.2017 0:24:38,Executing command : LOGTEST
30.11.2017 0:24:38,Data logged to C:\Users\Ваня\Google Диск\Работа\test\test.txt
30.11.2017 0:24:43,Commandstring recieved : #S|LOGTEST|[9]#
30.11.2017 0:24:43,Command parsed OK
30.11.2017 0:24:43,Executing command : LOGTEST
30.11.2017 0:24:43,Data logged to C:\Users\Ваня\Google Диск\Работа\test\test.txt
30.11.2017 0:34:26,Can not open serial port : COM11
30.11.2017 0:34:26,Порт 'COM11' не существует.
30.11.2017 0:34:46,Can not open serial port : COM11
30.11.2017 0:34:46,Порт 'COM11' не существует.
30.11.2017 0:35:03,Can not open serial port : COM11
30.11.2017 0:35:03,Порт 'COM11' не существует.
30.11.2017 0:35:22,Can not open serial port : COM10
30.11.2017 0:35:22,Порт 'COM10' не существует.
